#
# There is insufficient memory for the Java Runtime Environment to continue.
# Native memory allocation (malloc) failed to allocate 463216 bytes. Error detail: Chunk::new
# Possible reasons:
#   The system is out of physical RAM or swap space
#   This process is running with CompressedOops enabled, and the Java Heap may be blocking the growth of the native heap
# Possible solutions:
#   Reduce memory load on the system
#   Increase physical memory or swap space
#   Check if swap backing store is full
#   Decrease Java heap size (-Xmx/-Xms)
#   Decrease number of Java threads
#   Decrease Java thread stack sizes (-Xss)
#   Set larger code cache with -XX:ReservedCodeCacheSize=
#   JVM is running with Unscaled Compressed Oops mode in which the Java heap is
#     placed in the first 4GB address space. The Java Heap base address is the
#     maximum limit for the native heap growth. Please use -XX:HeapBaseMinAddress
#     to set the Java Heap base and to place the Java Heap above 4GB virtual address.
# This output file may be truncated or incomplete.
#
#  Out of Memory Error (arena.cpp:168), pid=51428, tid=2228
#
# JRE version: OpenJDK Runtime Environment Temurin-21.0.8+9 (21.0.8+9) (build 21.0.8+9-LTS)
# Java VM: OpenJDK 64-Bit Server VM Temurin-21.0.8+9 (21.0.8+9-LTS, mixed mode, sharing, tiered, compressed oops, compressed class ptrs, parallel gc, windows-amd64)
# No core dump will be written. Minidumps are not enabled by default on client versions of Windows
#

---------------  S U M M A R Y ------------

Command Line: --add-modules=ALL-SYSTEM --add-opens=java.base/java.util=ALL-UNNAMED --add-opens=java.base/java.lang=ALL-UNNAMED --add-opens=java.base/sun.nio.fs=ALL-UNNAMED -Declipse.application=org.eclipse.jdt.ls.core.id1 -Dosgi.bundles.defaultStartLevel=4 -Declipse.product=org.eclipse.jdt.ls.core.product -Djava.import.generatesMetadataFilesAtProjectRoot=false -DDetectVMInstallationsJob.disabled=true -Dfile.encoding=utf8 -XX:+UseParallelGC -XX:GCTimeRatio=4 -XX:AdaptiveSizePolicyWeight=90 -Dsun.zip.disableMemoryMapping=true -Xmx2G -Xms100m -Xlog:disable -javaagent:c:\Users\Hp\.trae\extensions\redhat.java-1.45.0-win32-x64\lombok\lombok-1.18.39-4050.jar -XX:+HeapDumpOnOutOfMemoryError -XX:HeapDumpPath=c:\Users\Hp\AppData\Roaming\Trae\User\workspaceStorage\767d7c915121e22f20cb52f96e0b19fc\redhat.java -Daether.dependencyCollector.impl=bf c:\Users\Hp\.trae\extensions\redhat.java-1.45.0-win32-x64\server\plugins\org.eclipse.equinox.launcher_1.7.0.v20250519-0528.jar -configuration c:\Users\Hp\AppData\Roaming\Trae\User\globalStorage\redhat.java\1.45.0\config_win -data c:\Users\Hp\AppData\Roaming\Trae\User\workspaceStorage\767d7c915121e22f20cb52f96e0b19fc\redhat.java\jdt_ws --pipe=\\.\pipe\lsp-b953ee28e1eccfafc2bbb99f9f08ca50-sock

Host: 11th Gen Intel(R) Core(TM) i5-1155G7 @ 2.50GHz, 8 cores, 11G,  Windows 11 , 64 bit Build 22621 (10.0.22621.3958)
Time: Wed Sep 17 18:00:29 2025 India Standard Time elapsed time: 6.379824 seconds (0d 0h 0m 6s)

---------------  T H R E A D  ---------------

Current thread (0x000002994195dc30):  JavaThread "C2 CompilerThread0" daemon [_thread_in_native, id=2228, stack(0x000000afcc900000,0x000000afcca00000) (1024K)]


Current CompileTask:
C2:6379 3602       4       org.objectweb.asm.Frame::execute (2303 bytes)

Stack: [0x000000afcc900000,0x000000afcca00000]
Native frames: (J=compiled Java code, j=interpreted, Vv=VM code, C=native code)
V  [jvm.dll+0x6d2449]
V  [jvm.dll+0x8ae341]
V  [jvm.dll+0x8b08be]
V  [jvm.dll+0x8b0fa3]
V  [jvm.dll+0x280c96]
V  [jvm.dll+0xc581d]
V  [jvm.dll+0xc5d53]
V  [jvm.dll+0x3b9162]
V  [jvm.dll+0x385315]
V  [jvm.dll+0x38477a]
V  [jvm.dll+0x248ed0]
V  [jvm.dll+0x2484af]
V  [jvm.dll+0x1c89ee]
V  [jvm.dll+0x257d4d]
V  [jvm.dll+0x2562ea]
V  [jvm.dll+0x3f2d16]
V  [jvm.dll+0x857e6b]
V  [jvm.dll+0x6d0b0d]
C  [ucrtbase.dll+0x29333]
C  [KERNEL32.DLL+0x1257d]
C  [ntdll.dll+0x5af08]


---------------  P R O C E S S  ---------------

Threads class SMR info:
_java_thread_list=0x00000299892ac0c0, length=21, elements={
0x0000029928b89550, 0x000002994194e900, 0x00000299419517b0, 0x00000299419573f0,
0x00000299419583f0, 0x0000029941959040, 0x000002994195cbb0, 0x000002994195dc30,
0x00000299419866c0, 0x00000299842eea80, 0x000002998447a990, 0x0000029984a3b330,
0x0000029984c57bd0, 0x0000029984ce6630, 0x0000029984cf69d0, 0x0000029984cbbc70,
0x0000029984cf8a00, 0x0000029989167600, 0x0000029989347c50, 0x0000029989349000,
0x00000299893482e0
}

Java Threads: ( => current thread )
  0x0000029928b89550 JavaThread "main"                              [_thread_blocked, id=19800, stack(0x000000afcbf00000,0x000000afcc000000) (1024K)]
  0x000002994194e900 JavaThread "Reference Handler"          daemon [_thread_blocked, id=32452, stack(0x000000afcc300000,0x000000afcc400000) (1024K)]
  0x00000299419517b0 JavaThread "Finalizer"                  daemon [_thread_blocked, id=2168, stack(0x000000afcc400000,0x000000afcc500000) (1024K)]
  0x00000299419573f0 JavaThread "Signal Dispatcher"          daemon [_thread_blocked, id=34296, stack(0x000000afcc500000,0x000000afcc600000) (1024K)]
  0x00000299419583f0 JavaThread "Attach Listener"            daemon [_thread_blocked, id=37076, stack(0x000000afcc600000,0x000000afcc700000) (1024K)]
  0x0000029941959040 JavaThread "Service Thread"             daemon [_thread_blocked, id=2148, stack(0x000000afcc700000,0x000000afcc800000) (1024K)]
  0x000002994195cbb0 JavaThread "Monitor Deflation Thread"   daemon [_thread_blocked, id=19608, stack(0x000000afcc800000,0x000000afcc900000) (1024K)]
=>0x000002994195dc30 JavaThread "C2 CompilerThread0"         daemon [_thread_in_native, id=2228, stack(0x000000afcc900000,0x000000afcca00000) (1024K)]
  0x00000299419866c0 JavaThread "C1 CompilerThread0"         daemon [_thread_blocked, id=23748, stack(0x000000afcca00000,0x000000afccb00000) (1024K)]
  0x00000299842eea80 JavaThread "Common-Cleaner"             daemon [_thread_blocked, id=20348, stack(0x000000afccb00000,0x000000afccc00000) (1024K)]
  0x000002998447a990 JavaThread "Notification Thread"        daemon [_thread_blocked, id=41308, stack(0x000000afccc00000,0x000000afccd00000) (1024K)]
  0x0000029984a3b330 JavaThread "Active Thread: Equinox Container: b5c00051-a675-408b-9388-82b00e20cf1f"        [_thread_blocked, id=35992, stack(0x000000afcd300000,0x000000afcd400000) (1024K)]
  0x0000029984c57bd0 JavaThread "Refresh Thread: Equinox Container: b5c00051-a675-408b-9388-82b00e20cf1f" daemon [_thread_blocked, id=45124, stack(0x000000afcd400000,0x000000afcd500000) (1024K)]
  0x0000029984ce6630 JavaThread "Framework Event Dispatcher: Equinox Container: b5c00051-a675-408b-9388-82b00e20cf1f" daemon [_thread_blocked, id=1320, stack(0x000000afcd600000,0x000000afcd700000) (1024K)]
  0x0000029984cf69d0 JavaThread "Start Level: Equinox Container: b5c00051-a675-408b-9388-82b00e20cf1f" daemon [_thread_in_vm, id=32608, stack(0x000000afcd700000,0x000000afcd800000) (1024K)]
  0x0000029984cbbc70 JavaThread "Bundle File Closer"         daemon [_thread_blocked, id=32300, stack(0x000000afcd800000,0x000000afcd900000) (1024K)]
  0x0000029984cf8a00 JavaThread "SCR Component Actor"        daemon [_thread_blocked, id=45812, stack(0x000000afcd900000,0x000000afcda00000) (1024K)]
  0x0000029989167600 JavaThread "SCR Component Registry"     daemon [_thread_blocked, id=50364, stack(0x000000afcda00000,0x000000afcdb00000) (1024K)]
  0x0000029989347c50 JavaThread "Worker-JM"                         [_thread_blocked, id=46316, stack(0x000000afcdb00000,0x000000afcdc00000) (1024K)]
  0x0000029989349000 JavaThread "Worker-0: Checking project encoding"        [_thread_in_vm, id=3124, stack(0x000000afcdc00000,0x000000afcdd00000) (1024K)]
  0x00000299893482e0 JavaThread "Worker-1"                          [_thread_blocked, id=46376, stack(0x000000afcdd00000,0x000000afcde00000) (1024K)]
Total: 21

Other Threads:
  0x0000029941934b20 VMThread "VM Thread"                           [id=3328, stack(0x000000afcc200000,0x000000afcc300000) (1024K)]
  0x000002992af61470 WatcherThread "VM Periodic Task Thread"        [id=40392, stack(0x000000afcc100000,0x000000afcc200000) (1024K)]
  0x000002992af12dd0 WorkerThread "GC Thread#0"                     [id=36056, stack(0x000000afcc000000,0x000000afcc100000) (1024K)]
  0x0000029984553850 WorkerThread "GC Thread#1"                     [id=27612, stack(0x000000afccd00000,0x000000afcce00000) (1024K)]
  0x0000029984553bf0 WorkerThread "GC Thread#2"                     [id=51656, stack(0x000000afcce00000,0x000000afccf00000) (1024K)]
  0x0000029984553f90 WorkerThread "GC Thread#3"                     [id=7456, stack(0x000000afccf00000,0x000000afcd000000) (1024K)]
  0x0000029984556400 WorkerThread "GC Thread#4"                     [id=42340, stack(0x000000afcd000000,0x000000afcd100000) (1024K)]
  0x00000299845567a0 WorkerThread "GC Thread#5"                     [id=36584, stack(0x000000afcd100000,0x000000afcd200000) (1024K)]
  0x0000029984556b40 WorkerThread "GC Thread#6"                     [id=22252, stack(0x000000afcd200000,0x000000afcd300000) (1024K)]
  0x0000029984c9afa0 WorkerThread "GC Thread#7"                     [id=34788, stack(0x000000afcd500000,0x000000afcd600000) (1024K)]
Total: 10

Threads with active compile tasks:
C2 CompilerThread0  6409 3602       4       org.objectweb.asm.Frame::execute (2303 bytes)
Total: 1

VM state: not at safepoint (normal execution)

VM Mutex/Monitor currently owned by a thread:  ([mutex/lock_event])
[0x00007fff969f3458] Metaspace_lock - owner thread: 0x0000029989349000

Heap address: 0x0000000080000000, size: 2048 MB, Compressed Oops mode: 32-bit

CDS archive(s) mapped at: [0x0000029942000000-0x0000029942ba0000-0x0000029942ba0000), size 12189696, SharedBaseAddress: 0x0000029942000000, ArchiveRelocationMode: 1.
Compressed class space mapped at: 0x0000029943000000-0x0000029983000000, reserved size: 1073741824
Narrow klass base: 0x0000029942000000, Narrow klass shift: 0, Narrow klass range: 0x100000000

GC Precious Log:
 CardTable entry size: 512
 CPUs: 8 total, 8 available
 Memory: 12037M
 Large Page Support: Disabled
 NUMA Support: Disabled
 Compressed Oops: Enabled (32-bit)
 Alignments: Space 512K, Generation 512K, Heap 2M
 Heap Min Capacity: 100M
 Heap Initial Capacity: 100M
 Heap Max Capacity: 2G
 Pre-touch: Disabled
 Parallel Workers: 8

Heap:
 PSYoungGen      total 29184K, used 11829K [0x00000000d5580000, 0x00000000d7880000, 0x0000000100000000)
  eden space 24576K, 29% used [0x00000000d5580000,0x00000000d5c97e78,0x00000000d6d80000)
  from space 4608K, 99% used [0x00000000d7400000,0x00000000d7875868,0x00000000d7880000)
  to   space 5120K, 0% used [0x00000000d6e80000,0x00000000d6e80000,0x00000000d7380000)
 ParOldGen       total 68608K, used 7834K [0x0000000080000000, 0x0000000084300000, 0x00000000d5580000)
  object space 68608K, 11% used [0x0000000080000000,0x00000000807a6a90,0x0000000084300000)
 Metaspace       used 19235K, committed 19968K, reserved 1114112K
  class space    used 2030K, committed 2368K, reserved 1048576K

Card table byte_map: [0x000002992a890000,0x000002992aca0000] _byte_map_base: 0x000002992a490000

Marking Bits: (ParMarkBitMap*) 0x00007fff969fa340
 Begin Bits: [0x000002993d390000, 0x000002993f390000)
 End Bits:   [0x000002993f390000, 0x0000029941390000)

Polling page: 0x0000029928eb0000

Metaspace:

Usage:
  Non-class:     16.80 MB used.
      Class:      1.98 MB used.
       Both:     18.78 MB used.

Virtual space:
  Non-class space:       64.00 MB reserved,      17.19 MB ( 27%) committed,  1 nodes.
      Class space:        1.00 GB reserved,       2.31 MB ( <1%) committed,  1 nodes.
             Both:        1.06 GB reserved,      19.50 MB (  2%) committed. 

Chunk freelists:
   Non-Class:  14.73 MB
       Class:  13.51 MB
        Both:  28.25 MB

MaxMetaspaceSize: unlimited
CompressedClassSpaceSize: 1.00 GB
Initial GC threshold: 21.00 MB
Current GC threshold: 21.00 MB
CDS: on
 - commit_granule_bytes: 65536.
 - commit_granule_words: 8192.
 - virtual_space_node_default_size: 8388608.
 - enlarge_chunks_in_place: 1.
 - use_allocation_guard: 0.


Internal statistics:

num_allocs_failed_limit: 0.
num_arena_births: 546.
num_arena_deaths: 0.
num_vsnodes_births: 2.
num_vsnodes_deaths: 0.
num_space_committed: 312.
num_space_uncommitted: 0.
num_chunks_returned_to_freelist: 0.
num_chunks_taken_from_freelist: 1279.
num_chunk_merges: 0.
num_chunk_splits: 810.
num_chunks_enlarged: 527.
num_inconsistent_stats: 0.

CodeHeap 'non-profiled nmethods': size=120000Kb used=1501Kb max_used=1501Kb free=118498Kb
 bounds [0x0000029935bb0000, 0x0000029935e20000, 0x000002993d0e0000]
CodeHeap 'profiled nmethods': size=120000Kb used=7428Kb max_used=7428Kb free=112571Kb
 bounds [0x000002992e0e0000, 0x000002992e830000, 0x0000029935610000]
CodeHeap 'non-nmethods': size=5760Kb used=1285Kb max_used=1321Kb free=4474Kb
 bounds [0x0000029935610000, 0x0000029935880000, 0x0000029935bb0000]
CodeCache: size=245760Kb, used=10214Kb, max_used=10250Kb, free=235543Kb
 total_blobs=4178, nmethods=3626, adapters=458, full_count=0
Compilation: enabled, stopped_count=0, restarted_count=0

Compilation events (20 events):
Event: 6.356 Thread 0x00000299419866c0 3620       1       org.apache.felix.scr.impl.config.ScrConfigurationImpl::lockTimeout (5 bytes)
Event: 6.356 Thread 0x00000299419866c0 nmethod 3620 0x0000029935d24490 code [0x0000029935d24620, 0x0000029935d246e8]
Event: 6.356 Thread 0x000002994195dc30 nmethod 3594 0x0000029935d24790 code [0x0000029935d249e0, 0x0000029935d257e8]
Event: 6.356 Thread 0x000002994195dc30 3613       4       org.eclipse.osgi.framework.eventmgr.CopyOnWriteIdentityMap$Snapshot$SnapshotIterator::hasNext (15 bytes)
Event: 6.356 Thread 0x000002994195dc30 nmethod 3613 0x0000029935d26090 code [0x0000029935d26220, 0x0000029935d262b8]
Event: 6.356 Thread 0x000002994195dc30 3602       4       org.objectweb.asm.Frame::execute (2303 bytes)
Event: 6.359 Thread 0x00000299419866c0 3621       1       org.apache.felix.scr.impl.inject.RefPair::isDeleted (5 bytes)
Event: 6.359 Thread 0x00000299419866c0 nmethod 3621 0x0000029935d26790 code [0x0000029935d26920, 0x0000029935d269f0]
Event: 6.360 Thread 0x00000299419866c0 3624       3       org.eclipse.osgi.storage.bundlefile.NestedDirBundleFile::filterPath (67 bytes)
Event: 6.361 Thread 0x00000299419866c0 nmethod 3624 0x000002992e81e710 code [0x000002992e81e9c0, 0x000002992e81f788]
Event: 6.361 Thread 0x00000299419866c0 3623       3       org.eclipse.osgi.storage.bundlefile.NestedDirBundleFile::getEntry (23 bytes)
Event: 6.361 Thread 0x00000299419866c0 nmethod 3623 0x0000029935d26a90 code [0x0000029935d26c60, 0x0000029935d26f30]
Event: 6.362 Thread 0x00000299419866c0 3625       1       java.util.concurrent.atomic.AtomicLong::get (5 bytes)
Event: 6.362 Thread 0x00000299419866c0 nmethod 3625 0x0000029935d27010 code [0x0000029935d271a0, 0x0000029935d27270]
Event: 6.362 Thread 0x00000299419866c0 3626       1       org.eclipse.osgi.internal.serviceregistry.ServiceUse::getLock (5 bytes)
Event: 6.362 Thread 0x00000299419866c0 nmethod 3626 0x0000029935d27310 code [0x0000029935d274a0, 0x0000029935d27568]
Event: 6.362 Thread 0x00000299419866c0 3627       3       org.eclipse.osgi.internal.loader.BundleLoader::createExportPackageSource (90 bytes)
Event: 6.363 Thread 0x00000299419866c0 nmethod 3627 0x000002992e81fc90 code [0x000002992e81fee0, 0x000002992e820810]
Event: 6.364 Thread 0x00000299419866c0 3629       3       java.lang.invoke.MethodHandles$Lookup::restrictProtectedReceiver (51 bytes)
Event: 6.364 Thread 0x00000299419866c0 nmethod 3629 0x000002992e820b10 code [0x000002992e820d00, 0x000002992e8211d8]

GC Heap History (12 events):
Event: 1.240 GC heap before
{Heap before GC invocations=1 (full 0):
 PSYoungGen      total 29696K, used 25600K [0x00000000d5580000, 0x00000000d7680000, 0x0000000100000000)
  eden space 25600K, 100% used [0x00000000d5580000,0x00000000d6e80000,0x00000000d6e80000)
  from space 4096K, 0% used [0x00000000d7280000,0x00000000d7280000,0x00000000d7680000)
  to   space 4096K, 0% used [0x00000000d6e80000,0x00000000d6e80000,0x00000000d7280000)
 ParOldGen       total 68608K, used 0K [0x0000000080000000, 0x0000000084300000, 0x00000000d5580000)
  object space 68608K, 0% used [0x0000000080000000,0x0000000080000000,0x0000000084300000)
 Metaspace       used 4331K, committed 4608K, reserved 1114112K
  class space    used 472K, committed 576K, reserved 1048576K
}
Event: 1.249 GC heap after
{Heap after GC invocations=1 (full 0):
 PSYoungGen      total 29696K, used 3367K [0x00000000d5580000, 0x00000000d7680000, 0x0000000100000000)
  eden space 25600K, 0% used [0x00000000d5580000,0x00000000d5580000,0x00000000d6e80000)
  from space 4096K, 82% used [0x00000000d6e80000,0x00000000d71c9e18,0x00000000d7280000)
  to   space 4096K, 0% used [0x00000000d7280000,0x00000000d7280000,0x00000000d7680000)
 ParOldGen       total 68608K, used 8K [0x0000000080000000, 0x0000000084300000, 0x00000000d5580000)
  object space 68608K, 0% used [0x0000000080000000,0x0000000080002000,0x0000000084300000)
 Metaspace       used 4331K, committed 4608K, reserved 1114112K
  class space    used 472K, committed 576K, reserved 1048576K
}
Event: 2.508 GC heap before
{Heap before GC invocations=2 (full 0):
 PSYoungGen      total 29696K, used 28967K [0x00000000d5580000, 0x00000000d7680000, 0x0000000100000000)
  eden space 25600K, 100% used [0x00000000d5580000,0x00000000d6e80000,0x00000000d6e80000)
  from space 4096K, 82% used [0x00000000d6e80000,0x00000000d71c9e18,0x00000000d7280000)
  to   space 4096K, 0% used [0x00000000d7280000,0x00000000d7280000,0x00000000d7680000)
 ParOldGen       total 68608K, used 8K [0x0000000080000000, 0x0000000084300000, 0x00000000d5580000)
  object space 68608K, 0% used [0x0000000080000000,0x0000000080002000,0x0000000084300000)
 Metaspace       used 7979K, committed 8256K, reserved 1114112K
  class space    used 840K, committed 960K, reserved 1048576K
}
Event: 2.515 GC heap after
{Heap after GC invocations=2 (full 0):
 PSYoungGen      total 29696K, used 4085K [0x00000000d5580000, 0x00000000d7680000, 0x0000000100000000)
  eden space 25600K, 0% used [0x00000000d5580000,0x00000000d5580000,0x00000000d6e80000)
  from space 4096K, 99% used [0x00000000d7280000,0x00000000d767d790,0x00000000d7680000)
  to   space 4096K, 0% used [0x00000000d6e80000,0x00000000d6e80000,0x00000000d7280000)
 ParOldGen       total 68608K, used 1487K [0x0000000080000000, 0x0000000084300000, 0x00000000d5580000)
  object space 68608K, 2% used [0x0000000080000000,0x0000000080173f10,0x0000000084300000)
 Metaspace       used 7979K, committed 8256K, reserved 1114112K
  class space    used 840K, committed 960K, reserved 1048576K
}
Event: 3.517 GC heap before
{Heap before GC invocations=3 (full 0):
 PSYoungGen      total 29696K, used 29615K [0x00000000d5580000, 0x00000000d7680000, 0x0000000100000000)
  eden space 25600K, 99% used [0x00000000d5580000,0x00000000d6e6e5a8,0x00000000d6e80000)
  from space 4096K, 99% used [0x00000000d7280000,0x00000000d767d790,0x00000000d7680000)
  to   space 4096K, 0% used [0x00000000d6e80000,0x00000000d6e80000,0x00000000d7280000)
 ParOldGen       total 68608K, used 1487K [0x0000000080000000, 0x0000000084300000, 0x00000000d5580000)
  object space 68608K, 2% used [0x0000000080000000,0x0000000080173f10,0x0000000084300000)
 Metaspace       used 9391K, committed 9728K, reserved 1114112K
  class space    used 1006K, committed 1152K, reserved 1048576K
}
Event: 3.524 GC heap after
{Heap after GC invocations=3 (full 0):
 PSYoungGen      total 29696K, used 4089K [0x00000000d5580000, 0x00000000d7680000, 0x0000000100000000)
  eden space 25600K, 0% used [0x00000000d5580000,0x00000000d5580000,0x00000000d6e80000)
  from space 4096K, 99% used [0x00000000d6e80000,0x00000000d727e508,0x00000000d7280000)
  to   space 4096K, 0% used [0x00000000d7280000,0x00000000d7280000,0x00000000d7680000)
 ParOldGen       total 68608K, used 4543K [0x0000000080000000, 0x0000000084300000, 0x00000000d5580000)
  object space 68608K, 6% used [0x0000000080000000,0x000000008046fdc0,0x0000000084300000)
 Metaspace       used 9391K, committed 9728K, reserved 1114112K
  class space    used 1006K, committed 1152K, reserved 1048576K
}
Event: 4.541 GC heap before
{Heap before GC invocations=4 (full 0):
 PSYoungGen      total 29696K, used 29689K [0x00000000d5580000, 0x00000000d7680000, 0x0000000100000000)
  eden space 25600K, 100% used [0x00000000d5580000,0x00000000d6e80000,0x00000000d6e80000)
  from space 4096K, 99% used [0x00000000d6e80000,0x00000000d727e508,0x00000000d7280000)
  to   space 4096K, 0% used [0x00000000d7280000,0x00000000d7280000,0x00000000d7680000)
 ParOldGen       total 68608K, used 4543K [0x0000000080000000, 0x0000000084300000, 0x00000000d5580000)
  object space 68608K, 6% used [0x0000000080000000,0x000000008046fdc0,0x0000000084300000)
 Metaspace       used 12327K, committed 12672K, reserved 1114112K
  class space    used 1299K, committed 1472K, reserved 1048576K
}
Event: 4.547 GC heap after
{Heap after GC invocations=4 (full 0):
 PSYoungGen      total 29696K, used 4082K [0x00000000d5580000, 0x00000000d7680000, 0x0000000100000000)
  eden space 25600K, 0% used [0x00000000d5580000,0x00000000d5580000,0x00000000d6e80000)
  from space 4096K, 99% used [0x00000000d7280000,0x00000000d767c940,0x00000000d7680000)
  to   space 4096K, 0% used [0x00000000d6e80000,0x00000000d6e80000,0x00000000d7280000)
 ParOldGen       total 68608K, used 6488K [0x0000000080000000, 0x0000000084300000, 0x00000000d5580000)
  object space 68608K, 9% used [0x0000000080000000,0x0000000080656008,0x0000000084300000)
 Metaspace       used 12327K, committed 12672K, reserved 1114112K
  class space    used 1299K, committed 1472K, reserved 1048576K
}
Event: 5.643 GC heap before
{Heap before GC invocations=5 (full 0):
 PSYoungGen      total 29696K, used 29682K [0x00000000d5580000, 0x00000000d7680000, 0x0000000100000000)
  eden space 25600K, 100% used [0x00000000d5580000,0x00000000d6e80000,0x00000000d6e80000)
  from space 4096K, 99% used [0x00000000d7280000,0x00000000d767c940,0x00000000d7680000)
  to   space 4096K, 0% used [0x00000000d6e80000,0x00000000d6e80000,0x00000000d7280000)
 ParOldGen       total 68608K, used 6488K [0x0000000080000000, 0x0000000084300000, 0x00000000d5580000)
  object space 68608K, 9% used [0x0000000080000000,0x0000000080656008,0x0000000084300000)
 Metaspace       used 16153K, committed 16704K, reserved 1114112K
  class space    used 1689K, committed 1920K, reserved 1048576K
}
Event: 5.653 GC heap after
{Heap after GC invocations=5 (full 0):
 PSYoungGen      total 29184K, used 4094K [0x00000000d5580000, 0x00000000d7a00000, 0x0000000100000000)
  eden space 25088K, 0% used [0x00000000d5580000,0x00000000d5580000,0x00000000d6e00000)
  from space 4096K, 99% used [0x00000000d6e80000,0x00000000d727f9e0,0x00000000d7280000)
  to   space 6144K, 0% used [0x00000000d7400000,0x00000000d7400000,0x00000000d7a00000)
 ParOldGen       total 68608K, used 7826K [0x0000000080000000, 0x0000000084300000, 0x00000000d5580000)
  object space 68608K, 11% used [0x0000000080000000,0x00000000807a4a90,0x0000000084300000)
 Metaspace       used 16153K, committed 16704K, reserved 1114112K
  class space    used 1689K, committed 1920K, reserved 1048576K
}
Event: 6.195 GC heap before
{Heap before GC invocations=6 (full 0):
 PSYoungGen      total 29184K, used 29182K [0x00000000d5580000, 0x00000000d7a00000, 0x0000000100000000)
  eden space 25088K, 100% used [0x00000000d5580000,0x00000000d6e00000,0x00000000d6e00000)
  from space 4096K, 99% used [0x00000000d6e80000,0x00000000d727f9e0,0x00000000d7280000)
  to   space 6144K, 0% used [0x00000000d7400000,0x00000000d7400000,0x00000000d7a00000)
 ParOldGen       total 68608K, used 7826K [0x0000000080000000, 0x0000000084300000, 0x00000000d5580000)
  object space 68608K, 11% used [0x0000000080000000,0x00000000807a4a90,0x0000000084300000)
 Metaspace       used 18404K, committed 19072K, reserved 1114112K
  class space    used 1936K, committed 2240K, reserved 1048576K
}
Event: 6.203 GC heap after
{Heap after GC invocations=6 (full 0):
 PSYoungGen      total 29184K, used 4566K [0x00000000d5580000, 0x00000000d7880000, 0x0000000100000000)
  eden space 24576K, 0% used [0x00000000d5580000,0x00000000d5580000,0x00000000d6d80000)
  from space 4608K, 99% used [0x00000000d7400000,0x00000000d7875868,0x00000000d7880000)
  to   space 5120K, 0% used [0x00000000d6e80000,0x00000000d6e80000,0x00000000d7380000)
 ParOldGen       total 68608K, used 7834K [0x0000000080000000, 0x0000000084300000, 0x00000000d5580000)
  object space 68608K, 11% used [0x0000000080000000,0x00000000807a6a90,0x0000000084300000)
 Metaspace       used 18404K, committed 19072K, reserved 1114112K
  class space    used 1936K, committed 2240K, reserved 1048576K
}

Dll operation events (11 events):
Event: 0.020 Loaded shared library c:\Users\Hp\.trae\extensions\redhat.java-1.45.0-win32-x64\jre\21.0.8-win32-x86_64\bin\java.dll
Event: 0.120 Loaded shared library c:\Users\Hp\.trae\extensions\redhat.java-1.45.0-win32-x64\jre\21.0.8-win32-x86_64\bin\zip.dll
Event: 0.153 Loaded shared library C:\Users\Hp\.trae\extensions\redhat.java-1.45.0-win32-x64\jre\21.0.8-win32-x86_64\bin\instrument.dll
Event: 0.162 Loaded shared library C:\Users\Hp\.trae\extensions\redhat.java-1.45.0-win32-x64\jre\21.0.8-win32-x86_64\bin\net.dll
Event: 0.164 Loaded shared library C:\Users\Hp\.trae\extensions\redhat.java-1.45.0-win32-x64\jre\21.0.8-win32-x86_64\bin\nio.dll
Event: 0.169 Loaded shared library C:\Users\Hp\.trae\extensions\redhat.java-1.45.0-win32-x64\jre\21.0.8-win32-x86_64\bin\zip.dll
Event: 0.198 Loaded shared library C:\Users\Hp\.trae\extensions\redhat.java-1.45.0-win32-x64\jre\21.0.8-win32-x86_64\bin\jimage.dll
Event: 0.339 Loaded shared library c:\Users\Hp\.trae\extensions\redhat.java-1.45.0-win32-x64\jre\21.0.8-win32-x86_64\bin\verify.dll
Event: 2.508 Loaded shared library C:\Users\Hp\AppData\Roaming\Trae\User\globalStorage\redhat.java\1.45.0\config_win\org.eclipse.equinox.launcher\org.eclipse.equinox.launcher.win32.win32.x86_64_1.2.1400.v20250801-0854\eclipse_11916.dll
Event: 5.054 Loaded shared library C:\Users\Hp\.trae\extensions\redhat.java-1.45.0-win32-x64\jre\21.0.8-win32-x86_64\bin\management.dll
Event: 5.062 Loaded shared library C:\Users\Hp\.trae\extensions\redhat.java-1.45.0-win32-x64\jre\21.0.8-win32-x86_64\bin\management_ext.dll

Deoptimization events (20 events):
Event: 6.015 Thread 0x0000029984cf69d0 DEOPT PACKING pc=0x0000029935d0ef4c sp=0x000000afcd7eec60
Event: 6.015 Thread 0x0000029984cf69d0 DEOPT UNPACKING pc=0x0000029935666da2 sp=0x000000afcd7eebd8 mode 2
Event: 6.034 Thread 0x0000029984cf69d0 DEOPT PACKING pc=0x000002992e1e048b sp=0x000000afcd7f0c50
Event: 6.034 Thread 0x0000029984cf69d0 DEOPT UNPACKING pc=0x00000299356678e2 sp=0x000000afcd7f00c8 mode 0
Event: 6.174 Thread 0x0000029984cf69d0 Uncommon trap: trap_request=0xffffff45 fr.pc=0x0000029935bd92d0 relative=0x0000000000000470
Event: 6.174 Thread 0x0000029984cf69d0 Uncommon trap: reason=unstable_if action=reinterpret pc=0x0000029935bd92d0 method=java.lang.StringLatin1.canEncode(I)Z @ 4 c2
Event: 6.174 Thread 0x0000029984cf69d0 DEOPT PACKING pc=0x0000029935bd92d0 sp=0x000000afcd7f2920
Event: 6.174 Thread 0x0000029984cf69d0 DEOPT UNPACKING pc=0x0000029935666da2 sp=0x000000afcd7f2858 mode 2
Event: 6.174 Thread 0x0000029984cf69d0 Uncommon trap: trap_request=0xffffff45 fr.pc=0x0000029935bd73b0 relative=0x0000000000000450
Event: 6.174 Thread 0x0000029984cf69d0 Uncommon trap: reason=unstable_if action=reinterpret pc=0x0000029935bd73b0 method=java.lang.AbstractStringBuilder.isLatin1()Z @ 10 c2
Event: 6.174 Thread 0x0000029984cf69d0 DEOPT PACKING pc=0x0000029935bd73b0 sp=0x000000afcd7f2940
Event: 6.174 Thread 0x0000029984cf69d0 DEOPT UNPACKING pc=0x0000029935666da2 sp=0x000000afcd7f28d0 mode 2
Event: 6.174 Thread 0x0000029984cf69d0 Uncommon trap: trap_request=0xffffff45 fr.pc=0x0000029935c2350c relative=0x000000000000006c
Event: 6.174 Thread 0x0000029984cf69d0 Uncommon trap: reason=unstable_if action=reinterpret pc=0x0000029935c2350c method=java.lang.AbstractStringBuilder.isLatin1()Z @ 10 c2
Event: 6.174 Thread 0x0000029984cf69d0 DEOPT PACKING pc=0x0000029935c2350c sp=0x000000afcd7f2940
Event: 6.174 Thread 0x0000029984cf69d0 DEOPT UNPACKING pc=0x0000029935666da2 sp=0x000000afcd7f28d0 mode 2
Event: 6.174 Thread 0x0000029984cf69d0 Uncommon trap: trap_request=0xffffff45 fr.pc=0x0000029935bdf2e8 relative=0x0000000000000048
Event: 6.174 Thread 0x0000029984cf69d0 Uncommon trap: reason=unstable_if action=reinterpret pc=0x0000029935bdf2e8 method=java.lang.StringLatin1.canEncode(I)Z @ 4 c2
Event: 6.174 Thread 0x0000029984cf69d0 DEOPT PACKING pc=0x0000029935bdf2e8 sp=0x000000afcd7f28d0
Event: 6.174 Thread 0x0000029984cf69d0 DEOPT UNPACKING pc=0x0000029935666da2 sp=0x000000afcd7f2860 mode 2

Classes loaded (20 events):
Event: 6.174 Loading class sun/text/resources/cldr/FormatData_en_US
Event: 6.174 Loading class sun/text/resources/cldr/FormatData_en_US done
Event: 6.179 Loading class java/time/format/DateTimeParseException
Event: 6.179 Loading class java/time/DateTimeException
Event: 6.179 Loading class java/time/DateTimeException done
Event: 6.179 Loading class java/time/format/DateTimeParseException done
Event: 6.216 Loading class java/io/InvalidObjectException
Event: 6.216 Loading class java/io/ObjectStreamException
Event: 6.217 Loading class java/io/ObjectStreamException done
Event: 6.217 Loading class java/io/InvalidObjectException done
Event: 6.231 Loading class java/util/concurrent/atomic/AtomicReferenceArray
Event: 6.232 Loading class java/util/concurrent/atomic/AtomicReferenceArray done
Event: 6.233 Loading class java/lang/invoke/VarHandleReferences$Array
Event: 6.233 Loading class java/lang/invoke/VarHandleReferences$Array done
Event: 6.326 Loading class org/w3c/dom/Node
Event: 6.326 Loading class org/w3c/dom/Node done
Event: 6.326 Loading class javax/xml/transform/Result
Event: 6.326 Loading class javax/xml/transform/Result done
Event: 6.326 Loading class javax/xml/transform/Source
Event: 6.326 Loading class javax/xml/transform/Source done

Classes unloaded (0 events):
No events

Classes redefined (0 events):
No events

Internal exceptions (20 events):
Event: 4.975 Thread 0x0000029984cf69d0 Exception <a 'java/lang/NoSuchMethodError'{0x00000000d64f8d68}: 'void java.lang.invoke.Invokers$Holder.invokeExact_MT(java.lang.Object, java.lang.Object, java.lang.Object, java.lang.Object)'> (0x00000000d64f8d68) 
thrown [s\src\hotspot\share\interpreter\linkResolver.cpp, line 773]
Event: 5.039 Thread 0x0000029984cf69d0 Exception <a 'java/io/FileNotFoundException'{0x00000000d6637520}> (0x00000000d6637520) 
thrown [s\src\hotspot\share\prims\jni.cpp, line 520]
Event: 5.047 Thread 0x0000029984cf69d0 Exception <a 'java/io/FileNotFoundException'{0x00000000d6653628}> (0x00000000d6653628) 
thrown [s\src\hotspot\share\prims\jni.cpp, line 520]
Event: 5.048 Thread 0x0000029984cf69d0 Exception <a 'java/io/FileNotFoundException'{0x00000000d665a708}> (0x00000000d665a708) 
thrown [s\src\hotspot\share\prims\jni.cpp, line 520]
Event: 5.152 Thread 0x0000029984cf69d0 Exception <a 'java/lang/NoSuchMethodError'{0x00000000d6a823a0}: 'java.lang.Object java.lang.invoke.DirectMethodHandle$Holder.newInvokeSpecial(java.lang.Object, java.lang.Object, java.lang.Object, java.lang.Object, java.lang.Object)'> (0x00000000d6a823a0) 
thrown [s\src\hotspot\share\interpreter\linkResolver.cpp, line 773]
Event: 5.216 Thread 0x0000029984cf69d0 Exception <a 'java/lang/NoSuchMethodError'{0x00000000d6b7f460}: 'java.lang.Object java.lang.invoke.DirectMethodHandle$Holder.invokeSpecial(java.lang.Object, java.lang.Object, java.lang.Object, long, java.lang.Object)'> (0x00000000d6b7f460) 
thrown [s\src\hotspot\share\interpreter\linkResolver.cpp, line 773]
Event: 5.217 Thread 0x0000029984cf69d0 Exception <a 'java/lang/NoSuchMethodError'{0x00000000d6b86ca8}: 'java.lang.Object java.lang.invoke.DirectMethodHandle$Holder.newInvokeSpecial(java.lang.Object, java.lang.Object, java.lang.Object, long)'> (0x00000000d6b86ca8) 
thrown [s\src\hotspot\share\interpreter\linkResolver.cpp, line 773]
Event: 5.217 Thread 0x0000029984cf69d0 Exception <a 'java/lang/NoSuchMethodError'{0x00000000d6b8afd8}: 'java.lang.Object java.lang.invoke.DirectMethodHandle$Holder.invokeSpecial(java.lang.Object, java.lang.Object, java.lang.Object, java.lang.Object, long)'> (0x00000000d6b8afd8) 
thrown [s\src\hotspot\share\interpreter\linkResolver.cpp, line 773]
Event: 5.217 Thread 0x0000029984cf69d0 Exception <a 'java/lang/NoSuchMethodError'{0x00000000d6b8ebf8}: 'java.lang.Object java.lang.invoke.Invokers$Holder.linkToTargetMethod(java.lang.Object, java.lang.Object, long, java.lang.Object)'> (0x00000000d6b8ebf8) 
thrown [s\src\hotspot\share\interpreter\linkResolver.cpp, line 773]
Event: 5.340 Thread 0x0000029984cf69d0 Exception <a 'java/lang/IncompatibleClassChangeError'{0x00000000d6c8ec60}: Found class java.lang.Object, but interface was expected> (0x00000000d6c8ec60) 
thrown [s\src\hotspot\share\interpreter\linkResolver.cpp, line 840]
Event: 5.344 Thread 0x0000029984cf69d0 Exception <a 'java/lang/NoSuchMethodError'{0x00000000d6c92708}: 'java.lang.Object java.lang.invoke.DirectMethodHandle$Holder.invokeSpecial(java.lang.Object, java.lang.Object, java.lang.Object, int, java.lang.Object, java.lang.Object)'> (0x00000000d6c92708) 
thrown [s\src\hotspot\share\interpreter\linkResolver.cpp, line 773]
Event: 5.355 Thread 0x0000029984cf69d0 Exception <a 'java/lang/NoSuchMethodError'{0x00000000d6c9a120}: 'java.lang.Object java.lang.invoke.DirectMethodHandle$Holder.newInvokeSpecial(java.lang.Object, java.lang.Object, java.lang.Object, int, java.lang.Object)'> (0x00000000d6c9a120) 
thrown [s\src\hotspot\share\interpreter\linkResolver.cpp, line 773]
Event: 5.359 Thread 0x0000029984cf69d0 Exception <a 'java/lang/NoSuchMethodError'{0x00000000d6c9e0e0}: 'java.lang.Object java.lang.invoke.DirectMethodHandle$Holder.invokeSpecial(java.lang.Object, java.lang.Object, java.lang.Object, java.lang.Object, int, java.lang.Object)'> (0x00000000d6c9e0e0) 
thrown [s\src\hotspot\share\interpreter\linkResolver.cpp, line 773]
Event: 5.360 Thread 0x0000029984cf69d0 Exception <a 'java/lang/NoSuchMethodError'{0x00000000d6ca1c20}: 'java.lang.Object java.lang.invoke.Invokers$Holder.linkToTargetMethod(java.lang.Object, java.lang.Object, int, java.lang.Object, java.lang.Object)'> (0x00000000d6ca1c20) 
thrown [s\src\hotspot\share\interpreter\linkResolver.cpp, line 773]
Event: 5.361 Thread 0x0000029989349000 Exception <a 'java/lang/NoSuchMethodError'{0x00000000d6cb6e70}: 'java.lang.Object java.lang.invoke.DirectMethodHandle$Holder.invokeSpecial(java.lang.Object, java.lang.Object, int, java.lang.Object, java.lang.Object)'> (0x00000000d6cb6e70) 
thrown [s\src\hotspot\share\interpreter\linkResolver.cpp, line 773]
Event: 5.389 Thread 0x0000029984cf69d0 Exception <a 'java/lang/NoSuchMethodError'{0x00000000d6e43ea8}: 'void java.lang.invoke.DirectMethodHandle$Holder.invokeSpecial(java.lang.Object, java.lang.Object, java.lang.Object, java.lang.Object, java.lang.Object)'> (0x00000000d6e43ea8) 
thrown [s\src\hotspot\share\interpreter\linkResolver.cpp, line 773]
Event: 5.832 Thread 0x0000029984cf69d0 Exception <a 'java/lang/NoSuchMethodError'{0x00000000d5d2cb98}: 'java.lang.Object java.lang.invoke.DirectMethodHandle$Holder.invokeInterface(java.lang.Object, java.lang.Object, java.lang.Object)'> (0x00000000d5d2cb98) 
thrown [s\src\hotspot\share\interpreter\linkResolver.cpp, line 773]
Event: 5.920 Thread 0x0000029984cf69d0 Exception <a 'java/lang/NoSuchMethodError'{0x00000000d61789b0}: 'java.lang.Object java.lang.invoke.Invokers$Holder.linkToTargetMethod(java.lang.Object, long, java.lang.Object, java.lang.Object)'> (0x00000000d61789b0) 
thrown [s\src\hotspot\share\interpreter\linkResolver.cpp, line 773]
Event: 6.089 Thread 0x0000029984cf69d0 Exception <a 'java/io/FileNotFoundException'{0x00000000d68ff3a0}> (0x00000000d68ff3a0) 
thrown [s\src\hotspot\share\prims\jni.cpp, line 520]
Event: 6.090 Thread 0x0000029984cf69d0 Exception <a 'java/lang/NoSuchMethodError'{0x00000000d6907768}: 'java.lang.Object java.lang.invoke.DirectMethodHandle$Holder.newInvokeSpecial(java.lang.Object, int, java.lang.Object, java.lang.Object)'> (0x00000000d6907768) 
thrown [s\src\hotspot\share\interpreter\linkResolver.cpp, line 773]

ZGC Phase Switch (0 events):
No events

VM Operations (20 events):
Event: 3.517 Executing VM operation: ParallelGCFailedAllocation (Allocation Failure)
Event: 3.524 Executing VM operation: ParallelGCFailedAllocation (Allocation Failure) done
Event: 4.204 Executing VM operation: HandshakeAllThreads (Deoptimize)
Event: 4.232 Executing VM operation: HandshakeAllThreads (Deoptimize) done
Event: 4.541 Executing VM operation: ParallelGCFailedAllocation (Allocation Failure)
Event: 4.547 Executing VM operation: ParallelGCFailedAllocation (Allocation Failure) done
Event: 5.129 Executing VM operation: HandshakeAllThreads (Deoptimize)
Event: 5.129 Executing VM operation: HandshakeAllThreads (Deoptimize) done
Event: 5.481 Executing VM operation: ParallelGCFailedAllocation (Allocation Failure)
Event: 5.653 Executing VM operation: ParallelGCFailedAllocation (Allocation Failure) done
Event: 5.726 Executing VM operation: HandshakeAllThreads (Deoptimize)
Event: 5.726 Executing VM operation: HandshakeAllThreads (Deoptimize) done
Event: 5.795 Executing VM operation: HandshakeAllThreads (Deoptimize)
Event: 5.795 Executing VM operation: HandshakeAllThreads (Deoptimize) done
Event: 5.802 Executing VM operation: HandshakeAllThreads (Deoptimize)
Event: 5.802 Executing VM operation: HandshakeAllThreads (Deoptimize) done
Event: 6.163 Executing VM operation: ICBufferFull
Event: 6.163 Executing VM operation: ICBufferFull done
Event: 6.195 Executing VM operation: ParallelGCFailedAllocation (Allocation Failure)
Event: 6.203 Executing VM operation: ParallelGCFailedAllocation (Allocation Failure) done

Memory protections (0 events):
No events

Nmethod flushes (0 events):
No events

Events (20 events):
Event: 0.063 Thread 0x0000029928b89550 Thread added: 0x000002994194e900
Event: 0.063 Thread 0x0000029928b89550 Thread added: 0x00000299419517b0
Event: 0.063 Thread 0x0000029928b89550 Thread added: 0x00000299419573f0
Event: 0.063 Thread 0x0000029928b89550 Thread added: 0x00000299419583f0
Event: 0.063 Thread 0x0000029928b89550 Thread added: 0x0000029941959040
Event: 0.063 Thread 0x0000029928b89550 Thread added: 0x000002994195cbb0
Event: 0.063 Thread 0x0000029928b89550 Thread added: 0x000002994195dc30
Event: 0.064 Thread 0x0000029928b89550 Thread added: 0x00000299419866c0
Event: 0.098 Thread 0x0000029928b89550 Thread added: 0x00000299842eea80
Event: 0.505 Thread 0x0000029928b89550 Thread added: 0x000002998447a990
Event: 2.202 Thread 0x0000029928b89550 Thread added: 0x0000029984a3b330
Event: 2.473 Thread 0x0000029928b89550 Thread added: 0x0000029984c57bd0
Event: 2.571 Thread 0x0000029984c57bd0 Thread added: 0x0000029984ce6630
Event: 2.705 Thread 0x0000029928b89550 Thread added: 0x0000029984cf69d0
Event: 3.611 Thread 0x0000029984cf69d0 Thread added: 0x0000029984cbbc70
Event: 3.937 Thread 0x0000029984cf69d0 Thread added: 0x0000029984cf8a00
Event: 4.188 Thread 0x0000029984cf69d0 Thread added: 0x0000029989167600
Event: 4.796 Thread 0x0000029984cf69d0 Thread added: 0x0000029989347c50
Event: 5.225 Thread 0x0000029984cf69d0 Thread added: 0x0000029989349000
Event: 5.364 Thread 0x0000029984cf69d0 Thread added: 0x00000299893482e0


Dynamic libraries:
0x00007ff6ffda0000 - 0x00007ff6ffdae000 	c:\Users\Hp\.trae\extensions\redhat.java-1.45.0-win32-x64\jre\21.0.8-win32-x86_64\bin\java.exe
0x00007ff805290000 - 0x00007ff8054a7000 	C:\WINDOWS\SYSTEM32\ntdll.dll
0x00007ff8036a0000 - 0x00007ff803764000 	C:\WINDOWS\System32\KERNEL32.DLL
0x00007ff802ae0000 - 0x00007ff802e97000 	C:\WINDOWS\System32\KERNELBASE.dll
0x00007ff802ea0000 - 0x00007ff802fb1000 	C:\WINDOWS\System32\ucrtbase.dll
0x00007ffffd7f0000 - 0x00007ffffd808000 	c:\Users\Hp\.trae\extensions\redhat.java-1.45.0-win32-x64\jre\21.0.8-win32-x86_64\bin\jli.dll
0x00007ffff73c0000 - 0x00007ffff73de000 	c:\Users\Hp\.trae\extensions\redhat.java-1.45.0-win32-x64\jre\21.0.8-win32-x86_64\bin\VCRUNTIME140.dll
0x00007ff803230000 - 0x00007ff8033df000 	C:\WINDOWS\System32\USER32.dll
0x00007ff8029f0000 - 0x00007ff802a16000 	C:\WINDOWS\System32\win32u.dll
0x00007ff803ce0000 - 0x00007ff803d09000 	C:\WINDOWS\System32\GDI32.dll
0x00007fffe24f0000 - 0x00007fffe2783000 	C:\WINDOWS\WinSxS\amd64_microsoft.windows.common-controls_6595b64144ccf1df_6.0.22621.3672_none_2713b9d173822955\COMCTL32.dll
0x00007ff8028d0000 - 0x00007ff8029e8000 	C:\WINDOWS\System32\gdi32full.dll
0x00007ff803ee0000 - 0x00007ff803f87000 	C:\WINDOWS\System32\msvcrt.dll
0x00007ff802790000 - 0x00007ff80282a000 	C:\WINDOWS\System32\msvcp_win.dll
0x00007ff803170000 - 0x00007ff8031a1000 	C:\WINDOWS\System32\IMM32.DLL
0x00007ffffd070000 - 0x00007ffffd07c000 	c:\Users\Hp\.trae\extensions\redhat.java-1.45.0-win32-x64\jre\21.0.8-win32-x86_64\bin\vcruntime140_1.dll
0x00007fffcba00000 - 0x00007fffcba8d000 	c:\Users\Hp\.trae\extensions\redhat.java-1.45.0-win32-x64\jre\21.0.8-win32-x86_64\bin\msvcp140.dll
0x00007fff95d40000 - 0x00007fff96ad7000 	c:\Users\Hp\.trae\extensions\redhat.java-1.45.0-win32-x64\jre\21.0.8-win32-x86_64\bin\server\jvm.dll
0x00007ff8034c0000 - 0x00007ff803572000 	C:\WINDOWS\System32\ADVAPI32.dll
0x00007ff804480000 - 0x00007ff804528000 	C:\WINDOWS\System32\sechost.dll
0x00007ff8028a0000 - 0x00007ff8028c8000 	C:\WINDOWS\System32\bcrypt.dll
0x00007ff803580000 - 0x00007ff803694000 	C:\WINDOWS\System32\RPCRT4.dll
0x00007ff8031b0000 - 0x00007ff803221000 	C:\WINDOWS\System32\WS2_32.dll
0x00007ff8023c0000 - 0x00007ff80240d000 	C:\WINDOWS\SYSTEM32\POWRPROF.dll
0x00007ffff04d0000 - 0x00007ffff0504000 	C:\WINDOWS\SYSTEM32\WINMM.dll
0x00007ffffdd90000 - 0x00007ffffdd9a000 	C:\WINDOWS\SYSTEM32\VERSION.dll
0x00007ff8022a0000 - 0x00007ff8022b3000 	C:\WINDOWS\SYSTEM32\UMPDC.dll
0x00007ff8015b0000 - 0x00007ff8015c8000 	C:\WINDOWS\SYSTEM32\kernel.appcore.dll
0x00007ffffbd00000 - 0x00007ffffbd0a000 	c:\Users\Hp\.trae\extensions\redhat.java-1.45.0-win32-x64\jre\21.0.8-win32-x86_64\bin\jimage.dll
0x00007fffffdb0000 - 0x00007ffffffe2000 	C:\WINDOWS\SYSTEM32\DBGHELP.DLL
0x00007ff804530000 - 0x00007ff8048be000 	C:\WINDOWS\System32\combase.dll
0x00007ff8033e0000 - 0x00007ff8034b7000 	C:\WINDOWS\System32\OLEAUT32.dll
0x00007fffe0870000 - 0x00007fffe08a2000 	C:\WINDOWS\SYSTEM32\dbgcore.DLL
0x00007ff802710000 - 0x00007ff80278b000 	C:\WINDOWS\System32\bcryptPrimitives.dll
0x00007ffff73b0000 - 0x00007ffff73bf000 	c:\Users\Hp\.trae\extensions\redhat.java-1.45.0-win32-x64\jre\21.0.8-win32-x86_64\bin\instrument.dll
0x00007fffe3cd0000 - 0x00007fffe3cef000 	c:\Users\Hp\.trae\extensions\redhat.java-1.45.0-win32-x64\jre\21.0.8-win32-x86_64\bin\java.dll
0x00007ff804920000 - 0x00007ff805189000 	C:\WINDOWS\System32\SHELL32.dll
0x00007ff8004c0000 - 0x00007ff800dbf000 	C:\WINDOWS\SYSTEM32\windows.storage.dll
0x00007ff800380000 - 0x00007ff8004bf000 	C:\WINDOWS\SYSTEM32\wintypes.dll
0x00007ff803be0000 - 0x00007ff803cd9000 	C:\WINDOWS\System32\SHCORE.dll
0x00007ff803fa0000 - 0x00007ff803ffe000 	C:\WINDOWS\System32\shlwapi.dll
0x00007ff8024d0000 - 0x00007ff8024f7000 	C:\WINDOWS\SYSTEM32\profapi.dll
0x00007fffe2330000 - 0x00007fffe2348000 	c:\Users\Hp\.trae\extensions\redhat.java-1.45.0-win32-x64\jre\21.0.8-win32-x86_64\bin\zip.dll
0x00007ffffdcf0000 - 0x00007ffffdd00000 	C:\Users\Hp\.trae\extensions\redhat.java-1.45.0-win32-x64\jre\21.0.8-win32-x86_64\bin\net.dll
0x00007ffffec20000 - 0x00007ffffed56000 	C:\WINDOWS\SYSTEM32\WINHTTP.dll
0x00007ff801a20000 - 0x00007ff801a89000 	C:\WINDOWS\system32\mswsock.dll
0x00007fffe22c0000 - 0x00007fffe22d6000 	C:\Users\Hp\.trae\extensions\redhat.java-1.45.0-win32-x64\jre\21.0.8-win32-x86_64\bin\nio.dll
0x00007ffffd9f0000 - 0x00007ffffda00000 	c:\Users\Hp\.trae\extensions\redhat.java-1.45.0-win32-x64\jre\21.0.8-win32-x86_64\bin\verify.dll
0x00007fffca180000 - 0x00007fffca1c4000 	C:\Users\Hp\AppData\Roaming\Trae\User\globalStorage\redhat.java\1.45.0\config_win\org.eclipse.equinox.launcher\org.eclipse.equinox.launcher.win32.win32.x86_64_1.2.1400.v20250801-0854\eclipse_11916.dll
0x00007ff803a10000 - 0x00007ff803bb5000 	C:\WINDOWS\System32\ole32.dll
0x00007fffe6ed0000 - 0x00007fffe6eda000 	C:\Users\Hp\.trae\extensions\redhat.java-1.45.0-win32-x64\jre\21.0.8-win32-x86_64\bin\management.dll
0x00007fffe5910000 - 0x00007fffe591b000 	C:\Users\Hp\.trae\extensions\redhat.java-1.45.0-win32-x64\jre\21.0.8-win32-x86_64\bin\management_ext.dll
0x00007ff803bc0000 - 0x00007ff803bc8000 	C:\WINDOWS\System32\PSAPI.DLL

JVMTI agents:
c:\Users\Hp\.trae\extensions\redhat.java-1.45.0-win32-x64\lombok\lombok-1.18.39-4050.jar path:c:\Users\Hp\.trae\extensions\redhat.java-1.45.0-win32-x64\jre\21.0.8-win32-x86_64\bin\instrument.dll, loaded, initialized, instrumentlib options:none

dbghelp: loaded successfully - version: 4.0.5 - missing functions: none
symbol engine: initialized successfully - sym options: 0x614 - pdb path: .;c:\Users\Hp\.trae\extensions\redhat.java-1.45.0-win32-x64\jre\21.0.8-win32-x86_64\bin;C:\WINDOWS\SYSTEM32;C:\WINDOWS\WinSxS\amd64_microsoft.windows.common-controls_6595b64144ccf1df_6.0.22621.3672_none_2713b9d173822955;c:\Users\Hp\.trae\extensions\redhat.java-1.45.0-win32-x64\jre\21.0.8-win32-x86_64\bin\server;C:\Users\Hp\AppData\Roaming\Trae\User\globalStorage\redhat.java\1.45.0\config_win\org.eclipse.equinox.launcher\org.eclipse.equinox.launcher.win32.win32.x86_64_1.2.1400.v20250801-0854

VM Arguments:
jvm_args: --add-modules=ALL-SYSTEM --add-opens=java.base/java.util=ALL-UNNAMED --add-opens=java.base/java.lang=ALL-UNNAMED --add-opens=java.base/sun.nio.fs=ALL-UNNAMED -Declipse.application=org.eclipse.jdt.ls.core.id1 -Dosgi.bundles.defaultStartLevel=4 -Declipse.product=org.eclipse.jdt.ls.core.product -Djava.import.generatesMetadataFilesAtProjectRoot=false -DDetectVMInstallationsJob.disabled=true -Dfile.encoding=utf8 -XX:+UseParallelGC -XX:GCTimeRatio=4 -XX:AdaptiveSizePolicyWeight=90 -Dsun.zip.disableMemoryMapping=true -Xmx2G -Xms100m -Xlog:disable -javaagent:c:\Users\Hp\.trae\extensions\redhat.java-1.45.0-win32-x64\lombok\lombok-1.18.39-4050.jar -XX:+HeapDumpOnOutOfMemoryError -XX:HeapDumpPath=c:\Users\Hp\AppData\Roaming\Trae\User\workspaceStorage\767d7c915121e22f20cb52f96e0b19fc\redhat.java -Daether.dependencyCollector.impl=bf 
java_command: c:\Users\Hp\.trae\extensions\redhat.java-1.45.0-win32-x64\server\plugins\org.eclipse.equinox.launcher_1.7.0.v20250519-0528.jar -configuration c:\Users\Hp\AppData\Roaming\Trae\User\globalStorage\redhat.java\1.45.0\config_win -data c:\Users\Hp\AppData\Roaming\Trae\User\workspaceStorage\767d7c915121e22f20cb52f96e0b19fc\redhat.java\jdt_ws --pipe=\\.\pipe\lsp-b953ee28e1eccfafc2bbb99f9f08ca50-sock
java_class_path (initial): c:\Users\Hp\.trae\extensions\redhat.java-1.45.0-win32-x64\server\plugins\org.eclipse.equinox.launcher_1.7.0.v20250519-0528.jar
Launcher Type: SUN_STANDARD

[Global flags]
    uintx AdaptiveSizePolicyWeight                 = 90                                        {product} {command line}
     intx CICompilerCount                          = 4                                         {product} {ergonomic}
    uintx GCTimeRatio                              = 4                                         {product} {command line}
     bool HeapDumpOnOutOfMemoryError               = true                                   {manageable} {command line}
    ccstr HeapDumpPath                             = c:\Users\Hp\AppData\Roaming\Trae\User\workspaceStorage\767d7c915121e22f20cb52f96e0b19fc\redhat.java         {manageable} {command line}
   size_t InitialHeapSize                          = 104857600                                 {product} {command line}
   size_t MaxHeapSize                              = 2147483648                                {product} {command line}
   size_t MaxNewSize                               = 715653120                                 {product} {ergonomic}
   size_t MinHeapDeltaBytes                        = 524288                                    {product} {ergonomic}
   size_t MinHeapSize                              = 104857600                                 {product} {command line}
   size_t NewSize                                  = 34603008                                  {product} {ergonomic}
    uintx NonNMethodCodeHeapSize                   = 5839372                                {pd product} {ergonomic}
    uintx NonProfiledCodeHeapSize                  = 122909434                              {pd product} {ergonomic}
   size_t OldSize                                  = 70254592                                  {product} {ergonomic}
    uintx ProfiledCodeHeapSize                     = 122909434                              {pd product} {ergonomic}
    uintx ReservedCodeCacheSize                    = 251658240                              {pd product} {ergonomic}
     bool SegmentedCodeCache                       = true                                      {product} {ergonomic}
   size_t SoftMaxHeapSize                          = 2147483648                             {manageable} {ergonomic}
     bool UseCompressedOops                        = true                           {product lp64_product} {ergonomic}
     bool UseLargePagesIndividualAllocation        = false                                  {pd product} {ergonomic}
     bool UseParallelGC                            = true                                      {product} {command line}

Logging:
Log output configuration:
 #0: stdout all=off uptime,level,tags foldmultilines=false
 #1: stderr all=off uptime,level,tags foldmultilines=false

Environment Variables:
PATH=C:\Program Files\Common Files\Oracle\Java\javapath;C:\WINDOWS\system32;C:\WINDOWS;C:\WINDOWS\System32\Wbem;C:\WINDOWS\System32\WindowsPowerShell\v1.0\;C:\WINDOWS\System32\OpenSSH\;C:\Program Files\Git\cmd;C:\Users\Hp\OneDrive\Documents\maven\apache-maven-3.8.6\bin;C:\Program Files\OpenSSL-Win64\bin;C:\gradle\bin;C:\Program Files\redis;C:\Program Files\dotnet\;C:\Program Files\Docker\Docker\resources\bin;C:\Program Files\HP\HP One Agent;C:\Program Files\nodejs\;C:\Users\Hp\.console-ninja\.bin;C:\Users\Hp\AppData\Local\Microsoft\WindowsApps;C:\Users\Hp\AppData\Local\Programs\Microsoft VS Code\bin;C:\ProgramData\Hp\GitHubDesktop\bin;C:\Users\Hp\Downloads\flutter_windows_3.13.1-stable\flutter\bin;C:\Users\Hp\AppData\Local\Google\Cloud SDK\google-cloud-sdk\bin;C:\Users\Hp\.dotnet\tools;C:\Users\Hp\AppData\Roaming\npm;C:\Users\Hp\AppData\Local\Programs\Windsurf\bin;c:\Users\Hp\AppData\Local\Programs\Trae\resources\app\bin\lib
USERNAME=Hp
OS=Windows_NT
PROCESSOR_IDENTIFIER=Intel64 Family 6 Model 140 Stepping 2, GenuineIntel
TMP=C:\Users\Hp\AppData\Local\Temp
TEMP=C:\Users\Hp\AppData\Local\Temp




Periodic native trim disabled

---------------  S Y S T E M  ---------------

OS:
 Windows 11 , 64 bit Build 22621 (10.0.22621.3958)
OS uptime: 25 days 5:11 hours
Hyper-V role detected

CPU: total 8 (initial active 8) (4 cores per cpu, 2 threads per core) family 6 model 140 stepping 2 microcode 0x2c, cx8, cmov, fxsr, ht, mmx, 3dnowpref, sse, sse2, sse3, ssse3, sse4.1, sse4.2, popcnt, lzcnt, tsc, tscinvbit, avx, avx2, aes, erms, clmul, bmi1, bmi2, adx, avx512f, avx512dq, avx512cd, avx512bw, avx512vl, sha, fma, vzeroupper, avx512_vpopcntdq, avx512_vpclmulqdq, avx512_vaes, avx512_vnni, clflush, clflushopt, clwb, avx512_vbmi2, avx512_vbmi, hv, rdtscp, rdpid, fsrm, gfni, avx512_bitalg, f16c, cet_ibt, cet_ss, avx512_ifma
Processor Information for the first 8 processors :
  Max Mhz: 2496, Current Mhz: 2496, Mhz Limit: 2496

Memory: 4k page, system-wide physical 12037M (217M free)
TotalPageFile size 36613M (AvailPageFile size 8M)
current process WorkingSet (physical memory assigned to process): 137M, peak: 137M
current process commit charge ("private bytes"): 274M, peak: 278M

vm_info: OpenJDK 64-Bit Server VM (21.0.8+9-LTS) for windows-amd64 JRE (21.0.8+9-LTS), built on 2025-07-15T00:00:00Z by "admin" with MS VC++ 17.7 (VS2022)

END.
