#
# There is insufficient memory for the Java Runtime Environment to continue.
# Native memory allocation (malloc) failed to allocate 1048576 bytes. Error detail: AllocateHeap
# Possible reasons:
#   The system is out of physical RAM or swap space
#   This process is running with CompressedOops enabled, and the Java Heap may be blocking the growth of the native heap
# Possible solutions:
#   Reduce memory load on the system
#   Increase physical memory or swap space
#   Check if swap backing store is full
#   Decrease Java heap size (-Xmx/-Xms)
#   Decrease number of Java threads
#   Decrease Java thread stack sizes (-Xss)
#   Set larger code cache with -XX:ReservedCodeCacheSize=
#   JVM is running with Unscaled Compressed Oops mode in which the Java heap is
#     placed in the first 4GB address space. The Java Heap base address is the
#     maximum limit for the native heap growth. Please use -XX:HeapBaseMinAddress
#     to set the Java Heap base and to place the Java Heap above 4GB virtual address.
# This output file may be truncated or incomplete.
#
#  Out of Memory Error (allocation.cpp:44), pid=45980, tid=6744
#
# JRE version:  (21.0.8+9) (build )
# Java VM: OpenJDK 64-Bit Server VM (21.0.8+9-LTS, mixed mode, tiered, compressed oops, compressed class ptrs, parallel gc, windows-amd64)
# No core dump will be written. Minidumps are not enabled by default on client versions of Windows
#

---------------  S U M M A R Y ------------

Command Line: --add-modules=ALL-SYSTEM --add-opens=java.base/java.util=ALL-UNNAMED --add-opens=java.base/java.lang=ALL-UNNAMED --add-opens=java.base/sun.nio.fs=ALL-UNNAMED -Declipse.application=org.eclipse.jdt.ls.core.id1 -Dosgi.bundles.defaultStartLevel=4 -Declipse.product=org.eclipse.jdt.ls.core.product -Djava.import.generatesMetadataFilesAtProjectRoot=false -DDetectVMInstallationsJob.disabled=true -Dfile.encoding=utf8 -XX:+UseParallelGC -XX:GCTimeRatio=4 -XX:AdaptiveSizePolicyWeight=90 -Dsun.zip.disableMemoryMapping=true -Xmx2G -Xms100m -Xlog:disable -javaagent:c:\Users\Hp\.windsurf\extensions\redhat.java-1.47.0-win32-x64\lombok\lombok-1.18.39-4050.jar c:\Users\Hp\.windsurf\extensions\redhat.java-1.47.0-win32-x64\server\plugins\org.eclipse.equinox.launcher_1.7.100.v20251014-1222.jar -configuration c:\Users\Hp\AppData\Roaming\Windsurf\User\globalStorage\redhat.java\1.47.0\config_ss_win -data c:\Users\Hp\AppData\Roaming\Windsurf\User\workspaceStorage\b83cd7378845ce09a7ec5218fdbab025\redhat.java\ss_ws --pipe=\\.\pipe\lsp-fe33c549bce64fc3488d0e5973cd1526-sock

Host: 11th Gen Intel(R) Core(TM) i5-1155G7 @ 2.50GHz, 8 cores, 11G,  Windows 11 , 64 bit Build 22621 (10.0.22621.3958)
Time: Wed Nov  5 22:03:07 2025 India Standard Time elapsed time: 0.363113 seconds (0d 0h 0m 0s)

---------------  T H R E A D  ---------------

Current thread (0x0000025295fc16c0):  JavaThread "Unknown thread" [_thread_in_vm, id=6744, stack(0x000000af01200000,0x000000af01300000) (1024K)]

Stack: [0x000000af01200000,0x000000af01300000]
Native frames: (J=compiled Java code, j=interpreted, Vv=VM code, C=native code)
V  [jvm.dll+0x6d2449]
V  [jvm.dll+0x8ae341]
V  [jvm.dll+0x8b08be]
V  [jvm.dll+0x8b0fa3]
V  [jvm.dll+0x280c96]
V  [jvm.dll+0xc0347]
V  [jvm.dll+0x706372]
V  [jvm.dll+0x7070ac]
V  [jvm.dll+0x6e0f43]
V  [jvm.dll+0x877c7c]
V  [jvm.dll+0x3becec]
V  [jvm.dll+0x8606d8]
V  [jvm.dll+0x4530ee]
V  [jvm.dll+0x454d31]
C  [jli.dll+0x5278]
C  [ucrtbase.dll+0x29333]
C  [KERNEL32.DLL+0x1257d]
C  [ntdll.dll+0x5af08]


---------------  P R O C E S S  ---------------

Threads class SMR info:
_java_thread_list=0x000002529602e5c0, length=1, elements={
0x0000025295fc16c0
}

Java Threads: ( => current thread )
=>0x0000025295fc16c0 JavaThread "Unknown thread"             [_thread_in_vm, id=6744, stack(0x000000af01200000,0x000000af01300000) (1024K)]
Total: 1

Other Threads:
  0x000002529602e980 WatcherThread "VM Periodic Task Thread"        [id=18508, stack(0x000000af01400000,0x000000af01500000) (1024K)]
  0x0000025293d2fca0 WorkerThread "GC Thread#0"                     [id=49312, stack(0x000000af01300000,0x000000af01400000) (1024K)]
Total: 2

Threads with active compile tasks:
Total: 0

VM state: not at safepoint (normal execution)

VM Mutex/Monitor currently owned by a thread: None

Heap address: 0x0000000080000000, size: 2048 MB, Compressed Oops mode: 32-bit

CDS archive(s) not mapped
Compressed class space mapped at: 0x0000000100000000-0x0000000140000000, reserved size: 1073741824
Narrow klass base: 0x0000000000000000, Narrow klass shift: 3, Narrow klass range: 0x140000000

GC Precious Log:
 CardTable entry size: 512
 CPUs: 8 total, 8 available
 Memory: 12037M
 Large Page Support: Disabled
 NUMA Support: Disabled
 Compressed Oops: Enabled (32-bit)
 Alignments: Space 512K, Generation 512K, Heap 2M
 Heap Min Capacity: 100M
 Heap Initial Capacity: 100M
 Heap Max Capacity: 2G
 Pre-touch: Disabled
 Parallel Workers: 8

Heap:
 PSYoungGen      total 29696K, used 512K [0x00000000d5580000, 0x00000000d7680000, 0x0000000100000000)
  eden space 25600K, 2% used [0x00000000d5580000,0x00000000d5600070,0x00000000d6e80000)
  from space 4096K, 0% used [0x00000000d7280000,0x00000000d7280000,0x00000000d7680000)
  to   space 4096K, 0% used [0x00000000d6e80000,0x00000000d6e80000,0x00000000d7280000)
 ParOldGen       total 68608K, used 0K [0x0000000080000000, 0x0000000084300000, 0x00000000d5580000)
  object space 68608K, 0% used [0x0000000080000000,0x0000000080000000,0x0000000084300000)
 Metaspace       used 1396K, committed 1472K, reserved 1114112K
  class space    used 112K, committed 128K, reserved 1048576K

Card table byte_map: [0x0000025295960000,0x0000025295d70000] _byte_map_base: 0x0000025295560000

Marking Bits: (ParMarkBitMap*) 0x00007ffcb574a340
 Begin Bits: [0x00000252a8460000, 0x00000252aa460000)
 End Bits:   [0x00000252aa460000, 0x00000252ac460000)

Polling page: 0x0000025293e90000

Metaspace:

Usage:
  Non-class:      1.25 MB used.
      Class:    112.47 KB used.
       Both:      1.36 MB used.

Virtual space:
  Non-class space:       64.00 MB reserved,       1.31 MB (  2%) committed,  1 nodes.
      Class space:        1.00 GB reserved,     128.00 KB ( <1%) committed,  1 nodes.
             Both:        1.06 GB reserved,       1.44 MB ( <1%) committed. 

Chunk freelists:
   Non-Class:  12.00 MB
       Class:  15.75 MB
        Both:  27.75 MB

MaxMetaspaceSize: unlimited
CompressedClassSpaceSize: 1.00 GB
Initial GC threshold: 21.00 MB
Current GC threshold: 17179869184.00 GB
CDS: off
 - commit_granule_bytes: 65536.
 - commit_granule_words: 8192.
 - virtual_space_node_default_size: 8388608.
 - enlarge_chunks_in_place: 1.
 - use_allocation_guard: 0.


Internal statistics:

num_allocs_failed_limit: 0.
num_arena_births: 2.
num_arena_deaths: 0.
num_vsnodes_births: 2.
num_vsnodes_deaths: 0.
num_space_committed: 23.
num_space_uncommitted: 0.
num_chunks_returned_to_freelist: 0.
num_chunks_taken_from_freelist: 3.
num_chunk_merges: 0.
num_chunk_splits: 2.
num_chunks_enlarged: 0.
num_inconsistent_stats: 0.

CodeHeap 'non-profiled nmethods': size=120000Kb used=0Kb max_used=0Kb free=120000Kb
 bounds [0x00000252a0c80000, 0x00000252a0ef0000, 0x00000252a81b0000]
CodeHeap 'profiled nmethods': size=120000Kb used=0Kb max_used=0Kb free=120000Kb
 bounds [0x00000252991b0000, 0x0000025299420000, 0x00000252a06e0000]
CodeHeap 'non-nmethods': size=5760Kb used=199Kb max_used=348Kb free=5560Kb
 bounds [0x00000252a06e0000, 0x00000252a0950000, 0x00000252a0c80000]
CodeCache: size=245760Kb, used=199Kb, max_used=348Kb, free=245560Kb
 total_blobs=70, nmethods=0, adapters=48, full_count=0
Compilation: enabled, stopped_count=0, restarted_count=0

Compilation events (0 events):
No events

GC Heap History (0 events):
No events

Dll operation events (2 events):
Event: 0.147 Loaded shared library c:\Users\Hp\.windsurf\extensions\redhat.java-1.47.0-win32-x64\jre\21.0.8-win32-x86_64\bin\java.dll
Event: 0.254 Loaded shared library c:\Users\Hp\.windsurf\extensions\redhat.java-1.47.0-win32-x64\jre\21.0.8-win32-x86_64\bin\zip.dll

Deoptimization events (0 events):
No events

Classes loaded (20 events):
Event: 0.347 Loading class java/util/Iterator
Event: 0.348 Loading class java/util/Iterator done
Event: 0.348 Loading class java/lang/reflect/RecordComponent
Event: 0.348 Loading class java/lang/reflect/RecordComponent done
Event: 0.348 Loading class jdk/internal/vm/vector/VectorSupport
Event: 0.349 Loading class jdk/internal/vm/vector/VectorSupport done
Event: 0.349 Loading class jdk/internal/vm/vector/VectorSupport$VectorPayload
Event: 0.349 Loading class jdk/internal/vm/vector/VectorSupport$VectorPayload done
Event: 0.349 Loading class jdk/internal/vm/vector/VectorSupport$Vector
Event: 0.349 Loading class jdk/internal/vm/vector/VectorSupport$Vector done
Event: 0.349 Loading class jdk/internal/vm/vector/VectorSupport$VectorMask
Event: 0.349 Loading class jdk/internal/vm/vector/VectorSupport$VectorMask done
Event: 0.349 Loading class jdk/internal/vm/vector/VectorSupport$VectorShuffle
Event: 0.349 Loading class jdk/internal/vm/vector/VectorSupport$VectorShuffle done
Event: 0.349 Loading class jdk/internal/vm/FillerObject
Event: 0.349 Loading class jdk/internal/vm/FillerObject done
Event: 0.355 Loading class java/lang/NullPointerException
Event: 0.355 Loading class java/lang/NullPointerException done
Event: 0.355 Loading class java/lang/ArithmeticException
Event: 0.355 Loading class java/lang/ArithmeticException done

Classes unloaded (0 events):
No events

Classes redefined (0 events):
No events

Internal exceptions (0 events):
No events

ZGC Phase Switch (0 events):
No events

VM Operations (0 events):
No events

Memory protections (0 events):
No events

Nmethod flushes (0 events):
No events

Events (1 events):
Event: 0.240 Thread 0x0000025295fc16c0 Thread added: 0x0000025295fc16c0


Dynamic libraries:
0x00007ff77d410000 - 0x00007ff77d41e000 	c:\Users\Hp\.windsurf\extensions\redhat.java-1.47.0-win32-x64\jre\21.0.8-win32-x86_64\bin\java.exe
0x00007ffd0f950000 - 0x00007ffd0fb67000 	C:\WINDOWS\SYSTEM32\ntdll.dll
0x00007ffd0e310000 - 0x00007ffd0e3d4000 	C:\WINDOWS\System32\KERNEL32.DLL
0x00007ffd0d0f0000 - 0x00007ffd0d4a7000 	C:\WINDOWS\System32\KERNELBASE.dll
0x00007ffd0d560000 - 0x00007ffd0d671000 	C:\WINDOWS\System32\ucrtbase.dll
0x00007ffcdab60000 - 0x00007ffcdab7e000 	c:\Users\Hp\.windsurf\extensions\redhat.java-1.47.0-win32-x64\jre\21.0.8-win32-x86_64\bin\VCRUNTIME140.dll
0x00007ffce07f0000 - 0x00007ffce0808000 	c:\Users\Hp\.windsurf\extensions\redhat.java-1.47.0-win32-x64\jre\21.0.8-win32-x86_64\bin\jli.dll
0x00007ffd0ec30000 - 0x00007ffd0eddf000 	C:\WINDOWS\System32\USER32.dll
0x00007ffd0d530000 - 0x00007ffd0d556000 	C:\WINDOWS\System32\win32u.dll
0x00007ffd0e3e0000 - 0x00007ffd0e409000 	C:\WINDOWS\System32\GDI32.dll
0x00007ffd0cf30000 - 0x00007ffd0d048000 	C:\WINDOWS\System32\gdi32full.dll
0x00007ffd0d050000 - 0x00007ffd0d0ea000 	C:\WINDOWS\System32\msvcp_win.dll
0x00007ffcef720000 - 0x00007ffcef9b3000 	C:\WINDOWS\WinSxS\amd64_microsoft.windows.common-controls_6595b64144ccf1df_6.0.22621.3672_none_2713b9d173822955\COMCTL32.dll
0x00007ffd0eb80000 - 0x00007ffd0ec27000 	C:\WINDOWS\System32\msvcrt.dll
0x00007ffd0d780000 - 0x00007ffd0d7b1000 	C:\WINDOWS\System32\IMM32.DLL
0x00007ffcfc6c0000 - 0x00007ffcfc6cc000 	c:\Users\Hp\.windsurf\extensions\redhat.java-1.47.0-win32-x64\jre\21.0.8-win32-x86_64\bin\vcruntime140_1.dll
0x00007ffcdaad0000 - 0x00007ffcdab5d000 	c:\Users\Hp\.windsurf\extensions\redhat.java-1.47.0-win32-x64\jre\21.0.8-win32-x86_64\bin\msvcp140.dll
0x00007ffcb4a90000 - 0x00007ffcb5827000 	c:\Users\Hp\.windsurf\extensions\redhat.java-1.47.0-win32-x64\jre\21.0.8-win32-x86_64\bin\server\jvm.dll
0x00007ffd0dc70000 - 0x00007ffd0dd22000 	C:\WINDOWS\System32\ADVAPI32.dll
0x00007ffd0dd30000 - 0x00007ffd0ddd8000 	C:\WINDOWS\System32\sechost.dll
0x00007ffd0cdd0000 - 0x00007ffd0cdf8000 	C:\WINDOWS\System32\bcrypt.dll
0x00007ffd0e7b0000 - 0x00007ffd0e8c4000 	C:\WINDOWS\System32\RPCRT4.dll
0x00007ffd0d7c0000 - 0x00007ffd0d831000 	C:\WINDOWS\System32\WS2_32.dll
0x00007ffd0c980000 - 0x00007ffd0c9cd000 	C:\WINDOWS\SYSTEM32\POWRPROF.dll
0x00007ffd08370000 - 0x00007ffd083a4000 	C:\WINDOWS\SYSTEM32\WINMM.dll
0x00007ffd08610000 - 0x00007ffd0861a000 	C:\WINDOWS\SYSTEM32\VERSION.dll
0x00007ffd0c960000 - 0x00007ffd0c973000 	C:\WINDOWS\SYSTEM32\UMPDC.dll
0x00007ffd0bc70000 - 0x00007ffd0bc88000 	C:\WINDOWS\SYSTEM32\kernel.appcore.dll
0x00007ffcfc6f0000 - 0x00007ffcfc6fa000 	c:\Users\Hp\.windsurf\extensions\redhat.java-1.47.0-win32-x64\jre\21.0.8-win32-x86_64\bin\jimage.dll
0x00007ffd09e40000 - 0x00007ffd0a072000 	C:\WINDOWS\SYSTEM32\DBGHELP.DLL
0x00007ffd0e420000 - 0x00007ffd0e7ae000 	C:\WINDOWS\System32\combase.dll
0x00007ffd0d9f0000 - 0x00007ffd0dac7000 	C:\WINDOWS\System32\OLEAUT32.dll
0x00007ffce76a0000 - 0x00007ffce76d2000 	C:\WINDOWS\SYSTEM32\dbgcore.DLL
0x00007ffd0d4b0000 - 0x00007ffd0d52b000 	C:\WINDOWS\System32\bcryptPrimitives.dll
0x00007ffcfa2d0000 - 0x00007ffcfa2df000 	c:\Users\Hp\.windsurf\extensions\redhat.java-1.47.0-win32-x64\jre\21.0.8-win32-x86_64\bin\instrument.dll
0x00007ffcdaa80000 - 0x00007ffcdaa9f000 	c:\Users\Hp\.windsurf\extensions\redhat.java-1.47.0-win32-x64\jre\21.0.8-win32-x86_64\bin\java.dll
0x00007ffcdaa60000 - 0x00007ffcdaa78000 	c:\Users\Hp\.windsurf\extensions\redhat.java-1.47.0-win32-x64\jre\21.0.8-win32-x86_64\bin\zip.dll

JVMTI agents:
c:\Users\Hp\.windsurf\extensions\redhat.java-1.47.0-win32-x64\lombok\lombok-1.18.39-4050.jar path:none, loaded, not initialized, instrumentlib options:none

dbghelp: loaded successfully - version: 4.0.5 - missing functions: none
symbol engine: initialized successfully - sym options: 0x614 - pdb path: .;c:\Users\Hp\.windsurf\extensions\redhat.java-1.47.0-win32-x64\jre\21.0.8-win32-x86_64\bin;C:\WINDOWS\SYSTEM32;C:\WINDOWS\WinSxS\amd64_microsoft.windows.common-controls_6595b64144ccf1df_6.0.22621.3672_none_2713b9d173822955;c:\Users\Hp\.windsurf\extensions\redhat.java-1.47.0-win32-x64\jre\21.0.8-win32-x86_64\bin\server

VM Arguments:
jvm_args: --add-modules=ALL-SYSTEM --add-opens=java.base/java.util=ALL-UNNAMED --add-opens=java.base/java.lang=ALL-UNNAMED --add-opens=java.base/sun.nio.fs=ALL-UNNAMED -Declipse.application=org.eclipse.jdt.ls.core.id1 -Dosgi.bundles.defaultStartLevel=4 -Declipse.product=org.eclipse.jdt.ls.core.product -Djava.import.generatesMetadataFilesAtProjectRoot=false -DDetectVMInstallationsJob.disabled=true -Dfile.encoding=utf8 -XX:+UseParallelGC -XX:GCTimeRatio=4 -XX:AdaptiveSizePolicyWeight=90 -Dsun.zip.disableMemoryMapping=true -Xmx2G -Xms100m -Xlog:disable -javaagent:c:\Users\Hp\.windsurf\extensions\redhat.java-1.47.0-win32-x64\lombok\lombok-1.18.39-4050.jar 
java_command: c:\Users\Hp\.windsurf\extensions\redhat.java-1.47.0-win32-x64\server\plugins\org.eclipse.equinox.launcher_1.7.100.v20251014-1222.jar -configuration c:\Users\Hp\AppData\Roaming\Windsurf\User\globalStorage\redhat.java\1.47.0\config_ss_win -data c:\Users\Hp\AppData\Roaming\Windsurf\User\workspaceStorage\b83cd7378845ce09a7ec5218fdbab025\redhat.java\ss_ws --pipe=\\.\pipe\lsp-fe33c549bce64fc3488d0e5973cd1526-sock
java_class_path (initial): c:\Users\Hp\.windsurf\extensions\redhat.java-1.47.0-win32-x64\server\plugins\org.eclipse.equinox.launcher_1.7.100.v20251014-1222.jar
Launcher Type: SUN_STANDARD

[Global flags]
    uintx AdaptiveSizePolicyWeight                 = 90                                        {product} {command line}
     intx CICompilerCount                          = 4                                         {product} {ergonomic}
    uintx GCTimeRatio                              = 4                                         {product} {command line}
   size_t InitialHeapSize                          = 104857600                                 {product} {command line}
   size_t MaxHeapSize                              = 2147483648                                {product} {command line}
   size_t MaxNewSize                               = 715653120                                 {product} {ergonomic}
   size_t MinHeapDeltaBytes                        = 524288                                    {product} {ergonomic}
   size_t MinHeapSize                              = 104857600                                 {product} {command line}
   size_t NewSize                                  = 34603008                                  {product} {ergonomic}
    uintx NonNMethodCodeHeapSize                   = 5839372                                {pd product} {ergonomic}
    uintx NonProfiledCodeHeapSize                  = 122909434                              {pd product} {ergonomic}
   size_t OldSize                                  = 70254592                                  {product} {ergonomic}
    uintx ProfiledCodeHeapSize                     = 122909434                              {pd product} {ergonomic}
    uintx ReservedCodeCacheSize                    = 251658240                              {pd product} {ergonomic}
     bool SegmentedCodeCache                       = true                                      {product} {ergonomic}
   size_t SoftMaxHeapSize                          = 2147483648                             {manageable} {ergonomic}
     bool UseCompressedOops                        = true                           {product lp64_product} {ergonomic}
     bool UseLargePagesIndividualAllocation        = false                                  {pd product} {ergonomic}
     bool UseParallelGC                            = true                                      {product} {command line}

Logging:
Log output configuration:
 #0: stdout all=off uptime,level,tags foldmultilines=false
 #1: stderr all=off uptime,level,tags foldmultilines=false

Environment Variables:
PATH=C:\Program Files\Common Files\Oracle\Java\javapath;C:\WINDOWS\system32;C:\WINDOWS;C:\WINDOWS\System32\Wbem;C:\WINDOWS\System32\WindowsPowerShell\v1.0\;C:\WINDOWS\System32\OpenSSH\;C:\Program Files\Git\cmd;C:\Users\Hp\OneDrive\Documents\maven\apache-maven-3.8.6\bin;C:\Program Files\OpenSSL-Win64\bin;C:\gradle\bin;C:\Program Files\redis;C:\Program Files\dotnet\;C:\Program Files\Docker\Docker\resources\bin;C:\Program Files\HP\HP One Agent;C:\Program Files\nodejs\;C:\Users\Hp\.console-ninja\.bin;C:\Users\Hp\AppData\Local\Microsoft\WindowsApps;C:\Users\Hp\AppData\Local\Programs\Microsoft VS Code\bin;C:\ProgramData\Hp\GitHubDesktop\bin;C:\Users\Hp\Downloads\flutter_windows_3.13.1-stable\flutter\bin;C:\Users\Hp\AppData\Local\Google\Cloud SDK\google-cloud-sdk\bin;C:\Users\Hp\.dotnet\tools;C:\Users\Hp\AppData\Roaming\npm;C:\Users\Hp\AppData\Local\Programs\Windsurf\bin
USERNAME=Hp
OS=Windows_NT
PROCESSOR_IDENTIFIER=Intel64 Family 6 Model 140 Stepping 2, GenuineIntel
TMP=C:\Users\Hp\AppData\Local\Temp
TEMP=C:\Users\Hp\AppData\Local\Temp




Periodic native trim disabled

---------------  S Y S T E M  ---------------

OS:
 Windows 11 , 64 bit Build 22621 (10.0.22621.3958)
OS uptime: 30 days 21:14 hours
Hyper-V role detected

CPU: total 8 (initial active 8) (4 cores per cpu, 2 threads per core) family 6 model 140 stepping 2 microcode 0x2c, cx8, cmov, fxsr, ht, mmx, 3dnowpref, sse, sse2, sse3, ssse3, sse4.1, sse4.2, popcnt, lzcnt, tsc, tscinvbit, avx, avx2, aes, erms, clmul, bmi1, bmi2, adx, avx512f, avx512dq, avx512cd, avx512bw, avx512vl, sha, fma, vzeroupper, avx512_vpopcntdq, avx512_vpclmulqdq, avx512_vaes, avx512_vnni, clflush, clflushopt, clwb, avx512_vbmi2, avx512_vbmi, hv, rdtscp, rdpid, fsrm, gfni, avx512_bitalg, f16c, cet_ibt, cet_ss, avx512_ifma
Processor Information for the first 8 processors :
  Max Mhz: 2496, Current Mhz: 2496, Mhz Limit: 2496

Memory: 4k page, system-wide physical 12037M (357M free)
TotalPageFile size 36613M (AvailPageFile size 6M)
current process WorkingSet (physical memory assigned to process): 17M, peak: 17M
current process commit charge ("private bytes"): 183M, peak: 191M

vm_info: OpenJDK 64-Bit Server VM (21.0.8+9-LTS) for windows-amd64 JRE (21.0.8+9-LTS), built on 2025-07-15T00:00:00Z by "admin" with MS VC++ 17.7 (VS2022)

END.
